[2024-09-03T17:43:52.003+0000] {manager.py:483} INFO - Processing files using up to 2 processes at a time 
[2024-09-03T17:43:52.004+0000] {manager.py:484} INFO - Process each file at most once every 30 seconds
[2024-09-03T17:43:52.004+0000] {manager.py:485} INFO - Checking for new files in /opt/airflow/dags every 300 seconds
[2024-09-03T17:43:52.005+0000] {manager.py:821} INFO - Searching for files in /opt/airflow/dags
[2024-09-03T17:43:52.050+0000] {manager.py:824} INFO - There are 3 files in /opt/airflow/dags
[2024-09-03T17:43:52.226+0000] {manager.py:997} INFO - 
================================================================================
DAG File Processing Stats

File Path                             PID  Runtime      # DAGs    # Errors  Last Runtime    Last Run      Last # of DB Queries
----------------------------------  -----  ---------  --------  ----------  --------------  ----------  ----------------------
/opt/airflow/dags/dummy_dag.py        176  0.04s             0           0                                                   0
/opt/airflow/dags/example_dag.py      173  0.06s             0           0                                                   0
/opt/airflow/dags/xray_test_dag.py                           0           0                                                   0
================================================================================
[2024-09-03T17:44:22.406+0000] {manager.py:997} INFO - 
================================================================================
DAG File Processing Stats

File Path                           PID    Runtime      # DAGs    # Errors  Last Runtime    Last Run               Last # of DB Queries
----------------------------------  -----  ---------  --------  ----------  --------------  -------------------  ----------------------
/opt/airflow/dags/example_dag.py                             0           1  3.50s           2024-09-03T17:43:55                       5
/opt/airflow/dags/xray_test_dag.py                           0           1  0.46s           2024-09-03T17:43:53                       5
/opt/airflow/dags/dummy_dag.py                               1           0  0.33s           2024-09-03T17:43:52                      12
================================================================================
[2024-09-03T17:44:53.140+0000] {manager.py:997} INFO - 
================================================================================
DAG File Processing Stats

File Path                             PID  Runtime      # DAGs    # Errors  Last Runtime    Last Run               Last # of DB Queries
----------------------------------  -----  ---------  --------  ----------  --------------  -------------------  ----------------------
/opt/airflow/dags/example_dag.py                             0           1  0.79s           2024-09-03T17:44:26                       5
/opt/airflow/dags/xray_test_dag.py                           0           1  0.25s           2024-09-03T17:44:24                       5
/opt/airflow/dags/dummy_dag.py        205  0.00s             1           0  0.24s           2024-09-03T17:44:23                      12
================================================================================
[2024-09-03T17:45:23.472+0000] {manager.py:997} INFO - 
================================================================================
DAG File Processing Stats

File Path                             PID  Runtime      # DAGs    # Errors  Last Runtime    Last Run               Last # of DB Queries
----------------------------------  -----  ---------  --------  ----------  --------------  -------------------  ----------------------
/opt/airflow/dags/example_dag.py                             0           1  0.89s           2024-09-03T17:44:58                       5
/opt/airflow/dags/xray_test_dag.py                           0           1  0.24s           2024-09-03T17:44:54                       5
/opt/airflow/dags/dummy_dag.py        221  0.00s             1           0  0.19s           2024-09-03T17:44:53                      12
================================================================================
[2024-09-03T17:45:53.754+0000] {manager.py:997} INFO - 
================================================================================
DAG File Processing Stats

File Path                             PID  Runtime      # DAGs    # Errors  Last Runtime    Last Run               Last # of DB Queries
----------------------------------  -----  ---------  --------  ----------  --------------  -------------------  ----------------------
/opt/airflow/dags/example_dag.py                             0           1  0.82s           2024-09-03T17:45:29                       5
/opt/airflow/dags/xray_test_dag.py                           0           1  0.24s           2024-09-03T17:45:24                       5
/opt/airflow/dags/dummy_dag.py        237  0.00s             1           0  0.20s           2024-09-03T17:45:23                      12
================================================================================
[2024-09-03T17:46:24.031+0000] {manager.py:997} INFO - 
================================================================================
DAG File Processing Stats

File Path                             PID  Runtime      # DAGs    # Errors  Last Runtime    Last Run               Last # of DB Queries
----------------------------------  -----  ---------  --------  ----------  --------------  -------------------  ----------------------
/opt/airflow/dags/example_dag.py                             0           1  0.80s           2024-09-03T17:46:00                       5
/opt/airflow/dags/xray_test_dag.py                           0           1  0.27s           2024-09-03T17:45:55                       5
/opt/airflow/dags/dummy_dag.py        253  0.01s             1           0  0.20s           2024-09-03T17:45:53                      12
================================================================================
[2024-09-03T17:46:54.357+0000] {manager.py:997} INFO - 
================================================================================
DAG File Processing Stats

File Path                             PID  Runtime      # DAGs    # Errors  Last Runtime    Last Run               Last # of DB Queries
----------------------------------  -----  ---------  --------  ----------  --------------  -------------------  ----------------------
/opt/airflow/dags/example_dag.py                             0           1  0.83s           2024-09-03T17:46:32                       5
/opt/airflow/dags/xray_test_dag.py                           0           1  0.36s           2024-09-03T17:46:25                       5
/opt/airflow/dags/dummy_dag.py        269  0.00s             1           0  0.25s           2024-09-03T17:46:24                      12
================================================================================
[2024-09-03T17:47:24.431+0000] {manager.py:997} INFO - 
================================================================================
DAG File Processing Stats

File Path                           PID    Runtime      # DAGs    # Errors  Last Runtime    Last Run               Last # of DB Queries
----------------------------------  -----  ---------  --------  ----------  --------------  -------------------  ----------------------
/opt/airflow/dags/example_dag.py                             0           1  0.67s           2024-09-03T17:47:03                       5
/opt/airflow/dags/xray_test_dag.py                           0           1  0.43s           2024-09-03T17:46:56                       5
/opt/airflow/dags/dummy_dag.py                               1           0  0.20s           2024-09-03T17:46:54                      12
================================================================================
[2024-09-03T17:47:54.763+0000] {manager.py:997} INFO - 
================================================================================
DAG File Processing Stats

File Path                           PID    Runtime      # DAGs    # Errors  Last Runtime    Last Run               Last # of DB Queries
----------------------------------  -----  ---------  --------  ----------  --------------  -------------------  ----------------------
/opt/airflow/dags/example_dag.py                             0           1  0.66s           2024-09-03T17:47:34                       5
/opt/airflow/dags/xray_test_dag.py                           0           1  0.49s           2024-09-03T17:47:27                       5
/opt/airflow/dags/dummy_dag.py                               1           0  0.30s           2024-09-03T17:47:25                      12
================================================================================
[2024-09-03T17:48:24.842+0000] {manager.py:997} INFO - 
================================================================================
DAG File Processing Stats

File Path                           PID    Runtime      # DAGs    # Errors  Last Runtime    Last Run               Last # of DB Queries
----------------------------------  -----  ---------  --------  ----------  --------------  -------------------  ----------------------
/opt/airflow/dags/example_dag.py                             0           1  0.73s           2024-09-03T17:48:05                       5
/opt/airflow/dags/xray_test_dag.py                           0           1  0.52s           2024-09-03T17:48:03                       5
/opt/airflow/dags/dummy_dag.py                               1           0  0.22s           2024-09-03T17:47:55                      12
================================================================================
[2024-09-03T17:48:52.399+0000] {manager.py:821} INFO - Searching for files in /opt/airflow/dags
[2024-09-03T17:48:52.458+0000] {manager.py:824} INFO - There are 3 files in /opt/airflow/dags
[2024-09-03T17:48:54.879+0000] {manager.py:997} INFO - 
================================================================================
DAG File Processing Stats

File Path                           PID    Runtime      # DAGs    # Errors  Last Runtime    Last Run               Last # of DB Queries
----------------------------------  -----  ---------  --------  ----------  --------------  -------------------  ----------------------
/opt/airflow/dags/example_dag.py                             0           1  0.61s           2024-09-03T17:48:36                       5
/opt/airflow/dags/xray_test_dag.py                           0           1  0.41s           2024-09-03T17:48:34                       5
/opt/airflow/dags/dummy_dag.py                               1           0  0.29s           2024-09-03T17:48:26                      12
================================================================================
[2024-09-03T17:49:25.402+0000] {manager.py:997} INFO - 
================================================================================
DAG File Processing Stats

File Path                           PID    Runtime      # DAGs    # Errors  Last Runtime    Last Run               Last # of DB Queries
----------------------------------  -----  ---------  --------  ----------  --------------  -------------------  ----------------------
/opt/airflow/dags/example_dag.py                             0           1  0.80s           2024-09-03T17:49:07                       5
/opt/airflow/dags/xray_test_dag.py                           0           1  0.49s           2024-09-03T17:49:05                       5
/opt/airflow/dags/dummy_dag.py                               1           0  0.24s           2024-09-03T17:48:57                      12
================================================================================
[2024-09-03T17:49:55.655+0000] {manager.py:997} INFO - 
================================================================================
DAG File Processing Stats

File Path                           PID    Runtime      # DAGs    # Errors  Last Runtime    Last Run               Last # of DB Queries
----------------------------------  -----  ---------  --------  ----------  --------------  -------------------  ----------------------
/opt/airflow/dags/example_dag.py                             0           1  0.76s           2024-09-03T17:49:38                       5
/opt/airflow/dags/xray_test_dag.py                           0           1  0.39s           2024-09-03T17:49:35                       5
/opt/airflow/dags/dummy_dag.py                               1           0  0.25s           2024-09-03T17:49:27                      12
================================================================================
[2024-09-03T17:50:25.852+0000] {manager.py:997} INFO - 
================================================================================
DAG File Processing Stats

File Path                           PID    Runtime      # DAGs    # Errors  Last Runtime    Last Run               Last # of DB Queries
----------------------------------  -----  ---------  --------  ----------  --------------  -------------------  ----------------------
/opt/airflow/dags/example_dag.py                             0           1  0.69s           2024-09-03T17:50:09                       5
/opt/airflow/dags/xray_test_dag.py                           0           1  0.36s           2024-09-03T17:50:06                       5
/opt/airflow/dags/dummy_dag.py                               1           0  0.22s           2024-09-03T17:49:57                      12
================================================================================
[2024-09-03T17:50:55.896+0000] {manager.py:997} INFO - 
================================================================================
DAG File Processing Stats

File Path                           PID    Runtime      # DAGs    # Errors  Last Runtime    Last Run               Last # of DB Queries
----------------------------------  -----  ---------  --------  ----------  --------------  -------------------  ----------------------
/opt/airflow/dags/example_dag.py                             0           1  0.76s           2024-09-03T17:50:40                       5
/opt/airflow/dags/dummy_dag.py                               1           0  0.39s           2024-09-03T17:50:28                      12
/opt/airflow/dags/xray_test_dag.py                           0           1  0.35s           2024-09-03T17:50:37                       5
================================================================================
[2024-09-03T17:51:26.104+0000] {manager.py:997} INFO - 
================================================================================
DAG File Processing Stats

File Path                           PID    Runtime      # DAGs    # Errors  Last Runtime    Last Run               Last # of DB Queries
----------------------------------  -----  ---------  --------  ----------  --------------  -------------------  ----------------------
/opt/airflow/dags/example_dag.py                             0           1  0.82s           2024-09-03T17:51:11                       5
/opt/airflow/dags/xray_test_dag.py                           0           1  0.43s           2024-09-03T17:51:07                       5
/opt/airflow/dags/dummy_dag.py                               1           0  0.33s           2024-09-03T17:50:59                      12
================================================================================
[2024-09-03T17:51:56.709+0000] {manager.py:997} INFO - 
================================================================================
DAG File Processing Stats

File Path                           PID    Runtime      # DAGs    # Errors  Last Runtime    Last Run               Last # of DB Queries
----------------------------------  -----  ---------  --------  ----------  --------------  -------------------  ----------------------
/opt/airflow/dags/example_dag.py                             0           1  0.66s           2024-09-03T17:51:42                       5
/opt/airflow/dags/xray_test_dag.py                           0           1  0.39s           2024-09-03T17:51:38                       5
/opt/airflow/dags/dummy_dag.py                               1           0  0.26s           2024-09-03T17:51:30                      12
================================================================================
[2024-09-03T17:52:26.881+0000] {manager.py:997} INFO - 
================================================================================
DAG File Processing Stats

File Path                           PID    Runtime      # DAGs    # Errors  Last Runtime    Last Run               Last # of DB Queries
----------------------------------  -----  ---------  --------  ----------  --------------  -------------------  ----------------------
/opt/airflow/dags/example_dag.py                             0           1  0.68s           2024-09-03T17:52:13                       5
/opt/airflow/dags/xray_test_dag.py                           0           1  0.36s           2024-09-03T17:52:09                       5
/opt/airflow/dags/dummy_dag.py                               1           0  0.26s           2024-09-03T17:52:01                      12
================================================================================
[2024-09-03T17:52:57.564+0000] {manager.py:997} INFO - 
================================================================================
DAG File Processing Stats

File Path                           PID    Runtime      # DAGs    # Errors  Last Runtime    Last Run               Last # of DB Queries
----------------------------------  -----  ---------  --------  ----------  --------------  -------------------  ----------------------
/opt/airflow/dags/example_dag.py                             0           1  0.66s           2024-09-03T17:52:44                       5
/opt/airflow/dags/dummy_dag.py                               1           0  0.45s           2024-09-03T17:52:31                      12
/opt/airflow/dags/xray_test_dag.py                           0           1  0.37s           2024-09-03T17:52:39                       5
================================================================================
[2024-09-03T17:53:27.933+0000] {manager.py:997} INFO - 
================================================================================
DAG File Processing Stats

File Path                           PID    Runtime      # DAGs    # Errors  Last Runtime    Last Run               Last # of DB Queries
----------------------------------  -----  ---------  --------  ----------  --------------  -------------------  ----------------------
/opt/airflow/dags/example_dag.py                             0           1  0.80s           2024-09-03T17:53:15                       5
/opt/airflow/dags/xray_test_dag.py                           0           1  0.38s           2024-09-03T17:53:10                       5
/opt/airflow/dags/dummy_dag.py                               1           0  0.33s           2024-09-03T17:53:02                      12
================================================================================
[2024-09-03T17:53:52.443+0000] {manager.py:821} INFO - Searching for files in /opt/airflow/dags
[2024-09-03T17:53:52.495+0000] {manager.py:824} INFO - There are 3 files in /opt/airflow/dags
[2024-09-03T17:53:58.158+0000] {manager.py:997} INFO - 
================================================================================
DAG File Processing Stats

File Path                           PID    Runtime      # DAGs    # Errors  Last Runtime    Last Run               Last # of DB Queries
----------------------------------  -----  ---------  --------  ----------  --------------  -------------------  ----------------------
/opt/airflow/dags/example_dag.py                             0           1  0.77s           2024-09-03T17:53:47                       5
/opt/airflow/dags/xray_test_dag.py                           0           1  0.32s           2024-09-03T17:53:41                       5
/opt/airflow/dags/dummy_dag.py                               1           0  0.21s           2024-09-03T17:53:33                      12
================================================================================
[2024-09-03T17:54:28.457+0000] {manager.py:997} INFO - 
================================================================================
DAG File Processing Stats

File Path                           PID    Runtime      # DAGs    # Errors  Last Runtime    Last Run               Last # of DB Queries
----------------------------------  -----  ---------  --------  ----------  --------------  -------------------  ----------------------
/opt/airflow/dags/example_dag.py                             0           1  0.78s           2024-09-03T17:54:18                       5
/opt/airflow/dags/xray_test_dag.py                           0           1  0.44s           2024-09-03T17:54:11                       5
/opt/airflow/dags/dummy_dag.py                               1           0  0.26s           2024-09-03T17:54:03                      12
================================================================================
[2024-09-03T17:54:59.026+0000] {manager.py:997} INFO - 
================================================================================
DAG File Processing Stats

File Path                           PID    Runtime      # DAGs    # Errors  Last Runtime    Last Run               Last # of DB Queries
----------------------------------  -----  ---------  --------  ----------  --------------  -------------------  ----------------------
/opt/airflow/dags/example_dag.py                             0           1  0.94s           2024-09-03T17:54:49                       5
/opt/airflow/dags/xray_test_dag.py                           0           1  0.39s           2024-09-03T17:54:42                       5
/opt/airflow/dags/dummy_dag.py                               1           0  0.38s           2024-09-03T17:54:33                      12
================================================================================
[2024-09-03T17:55:29.319+0000] {manager.py:997} INFO - 
================================================================================
DAG File Processing Stats

File Path                           PID    Runtime      # DAGs    # Errors  Last Runtime    Last Run               Last # of DB Queries
----------------------------------  -----  ---------  --------  ----------  --------------  -------------------  ----------------------
/opt/airflow/dags/example_dag.py                             0           1  0.68s           2024-09-03T17:55:21                       5
/opt/airflow/dags/xray_test_dag.py                           0           1  0.40s           2024-09-03T17:55:13                       5
/opt/airflow/dags/dummy_dag.py                               1           0  0.34s           2024-09-03T17:55:04                      12
================================================================================
[2024-09-03T17:55:59.375+0000] {manager.py:997} INFO - 
================================================================================
DAG File Processing Stats

File Path                           PID    Runtime      # DAGs    # Errors  Last Runtime    Last Run               Last # of DB Queries
----------------------------------  -----  ---------  --------  ----------  --------------  -------------------  ----------------------
/opt/airflow/dags/example_dag.py                             0           1  0.70s           2024-09-03T17:55:52                       5
/opt/airflow/dags/xray_test_dag.py                           0           1  0.38s           2024-09-03T17:55:44                       5
/opt/airflow/dags/dummy_dag.py                               1           0  0.19s           2024-09-03T17:55:34                      12
================================================================================
[2024-09-03T17:56:29.847+0000] {manager.py:997} INFO - 
================================================================================
DAG File Processing Stats

File Path                           PID    Runtime      # DAGs    # Errors  Last Runtime    Last Run               Last # of DB Queries
----------------------------------  -----  ---------  --------  ----------  --------------  -------------------  ----------------------
/opt/airflow/dags/example_dag.py                             0           1  0.78s           2024-09-03T17:56:23                       5
/opt/airflow/dags/xray_test_dag.py                           0           1  0.33s           2024-09-03T17:56:14                       5
/opt/airflow/dags/dummy_dag.py                               1           0  0.20s           2024-09-03T17:56:05                      12
================================================================================
[2024-09-03T17:57:00.282+0000] {manager.py:997} INFO - 
================================================================================
DAG File Processing Stats

File Path                           PID    Runtime      # DAGs    # Errors  Last Runtime    Last Run               Last # of DB Queries
----------------------------------  -----  ---------  --------  ----------  --------------  -------------------  ----------------------
/opt/airflow/dags/example_dag.py                             0           1  0.68s           2024-09-03T17:56:54                       5
/opt/airflow/dags/dummy_dag.py                               1           0  0.37s           2024-09-03T17:56:35                      12
/opt/airflow/dags/xray_test_dag.py                           0           1  0.36s           2024-09-03T17:56:45                       5
================================================================================
[2024-09-03T17:57:30.725+0000] {manager.py:997} INFO - 
================================================================================
DAG File Processing Stats

File Path                           PID    Runtime      # DAGs    # Errors  Last Runtime    Last Run               Last # of DB Queries
----------------------------------  -----  ---------  --------  ----------  --------------  -------------------  ----------------------
/opt/airflow/dags/example_dag.py                             0           1  0.77s           2024-09-03T17:57:25                       5
/opt/airflow/dags/dummy_dag.py                               1           0  0.43s           2024-09-03T17:57:06                      12
/opt/airflow/dags/xray_test_dag.py                           0           1  0.42s           2024-09-03T17:57:16                       5
================================================================================
[2024-09-03T17:58:00.901+0000] {manager.py:997} INFO - 
================================================================================
DAG File Processing Stats

File Path                           PID    Runtime      # DAGs    # Errors  Last Runtime    Last Run               Last # of DB Queries
----------------------------------  -----  ---------  --------  ----------  --------------  -------------------  ----------------------
/opt/airflow/dags/example_dag.py                             0           1  0.68s           2024-09-03T17:57:56                       5
/opt/airflow/dags/xray_test_dag.py                           0           1  0.41s           2024-09-03T17:57:46                       5
/opt/airflow/dags/dummy_dag.py                               1           0  0.34s           2024-09-03T17:57:37                      12
================================================================================
[2024-09-03T17:58:31.168+0000] {manager.py:997} INFO - 
================================================================================
DAG File Processing Stats

File Path                           PID    Runtime      # DAGs    # Errors  Last Runtime    Last Run               Last # of DB Queries
----------------------------------  -----  ---------  --------  ----------  --------------  -------------------  ----------------------
/opt/airflow/dags/example_dag.py                             0           1  0.83s           2024-09-03T17:58:28                       5
/opt/airflow/dags/xray_test_dag.py                           0           1  0.36s           2024-09-03T17:58:17                       5
/opt/airflow/dags/dummy_dag.py                               1           0  0.18s           2024-09-03T17:58:08                      12
================================================================================
[2024-09-03T17:58:52.713+0000] {manager.py:821} INFO - Searching for files in /opt/airflow/dags
[2024-09-03T17:58:52.761+0000] {manager.py:824} INFO - There are 3 files in /opt/airflow/dags
[2024-09-03T17:59:01.604+0000] {manager.py:997} INFO - 
================================================================================
DAG File Processing Stats

File Path                           PID    Runtime      # DAGs    # Errors  Last Runtime    Last Run               Last # of DB Queries
----------------------------------  -----  ---------  --------  ----------  --------------  -------------------  ----------------------
/opt/airflow/dags/example_dag.py                             0           1  0.76s           2024-09-03T17:58:59                       5
/opt/airflow/dags/dummy_dag.py                               1           0  0.39s           2024-09-03T17:58:38                      12
/opt/airflow/dags/xray_test_dag.py                           0           1  0.38s           2024-09-03T17:58:48                       5
================================================================================
[2024-09-03T17:59:32.317+0000] {manager.py:997} INFO - 
================================================================================
DAG File Processing Stats

File Path                           PID    Runtime      # DAGs    # Errors  Last Runtime    Last Run               Last # of DB Queries
----------------------------------  -----  ---------  --------  ----------  --------------  -------------------  ----------------------
/opt/airflow/dags/example_dag.py                             0           1  0.69s           2024-09-03T17:59:30                       5
/opt/airflow/dags/dummy_dag.py                               1           0  0.45s           2024-09-03T17:59:09                      12
/opt/airflow/dags/xray_test_dag.py                           0           1  0.43s           2024-09-03T17:59:18                       5
================================================================================
[2024-09-03T18:00:02.339+0000] {manager.py:997} INFO - 
================================================================================
DAG File Processing Stats

File Path                           PID    Runtime      # DAGs    # Errors  Last Runtime    Last Run               Last # of DB Queries
----------------------------------  -----  ---------  --------  ----------  --------------  -------------------  ----------------------
/opt/airflow/dags/example_dag.py                             0           1  0.57s           2024-09-03T18:00:01                       5
/opt/airflow/dags/dummy_dag.py                               1           0  0.36s           2024-09-03T17:59:39                      12
/opt/airflow/dags/xray_test_dag.py                           0           1  0.22s           2024-09-03T17:59:49                       5
================================================================================
[2024-09-03T18:00:32.588+0000] {manager.py:997} INFO - 
================================================================================
DAG File Processing Stats

File Path                           PID    Runtime      # DAGs    # Errors  Last Runtime    Last Run               Last # of DB Queries
----------------------------------  -----  ---------  --------  ----------  --------------  -------------------  ----------------------
/opt/airflow/dags/example_dag.py                             0           1  0.74s           2024-09-03T18:00:32                       5
/opt/airflow/dags/xray_test_dag.py                           0           1  0.32s           2024-09-03T18:00:19                       5
/opt/airflow/dags/dummy_dag.py                               1           0  0.24s           2024-09-03T18:00:10                      12
================================================================================
[2024-09-03T18:01:03.369+0000] {manager.py:997} INFO - 
================================================================================
DAG File Processing Stats

File Path                             PID  Runtime      # DAGs    # Errors  Last Runtime    Last Run               Last # of DB Queries
----------------------------------  -----  ---------  --------  ----------  --------------  -------------------  ----------------------
/opt/airflow/dags/example_dag.py      716  0.01s             0           1  0.74s           2024-09-03T18:00:32                       5
/opt/airflow/dags/xray_test_dag.py                           0           1  0.24s           2024-09-03T18:00:50                       5
/opt/airflow/dags/dummy_dag.py                               1           0  0.20s           2024-09-03T18:00:41                      12
================================================================================
[2024-09-03T18:01:33.876+0000] {manager.py:997} INFO - 
================================================================================
DAG File Processing Stats

File Path                           PID    Runtime      # DAGs    # Errors  Last Runtime    Last Run               Last # of DB Queries
----------------------------------  -----  ---------  --------  ----------  --------------  -------------------  ----------------------
/opt/airflow/dags/example_dag.py                             0           1  0.72s           2024-09-03T18:01:04                       5
/opt/airflow/dags/xray_test_dag.py                           0           1  0.31s           2024-09-03T18:01:20                       5
/opt/airflow/dags/dummy_dag.py                               1           0  0.22s           2024-09-03T18:01:11                      12
================================================================================
[2024-09-03T18:02:04.114+0000] {manager.py:997} INFO - 
================================================================================
DAG File Processing Stats

File Path                           PID    Runtime      # DAGs    # Errors  Last Runtime    Last Run               Last # of DB Queries
----------------------------------  -----  ---------  --------  ----------  --------------  -------------------  ----------------------
/opt/airflow/dags/example_dag.py                             0           1  0.57s           2024-09-03T18:01:34                       5
/opt/airflow/dags/xray_test_dag.py                           0           1  0.26s           2024-09-03T18:01:51                       5
/opt/airflow/dags/dummy_dag.py                               1           0  0.20s           2024-09-03T18:01:41                      12
================================================================================
[2024-09-03T18:02:34.816+0000] {manager.py:997} INFO - 
================================================================================
DAG File Processing Stats

File Path                           PID    Runtime      # DAGs    # Errors  Last Runtime    Last Run               Last # of DB Queries
----------------------------------  -----  ---------  --------  ----------  --------------  -------------------  ----------------------
/opt/airflow/dags/example_dag.py                             0           1  0.61s           2024-09-03T18:02:05                       5
/opt/airflow/dags/xray_test_dag.py                           0           1  0.21s           2024-09-03T18:02:21                       5
/opt/airflow/dags/dummy_dag.py                               1           0  0.20s           2024-09-03T18:02:12                      12
================================================================================
[2024-09-03T18:03:05.103+0000] {manager.py:997} INFO - 
================================================================================
DAG File Processing Stats

File Path                           PID    Runtime      # DAGs    # Errors  Last Runtime    Last Run               Last # of DB Queries
----------------------------------  -----  ---------  --------  ----------  --------------  -------------------  ----------------------
/opt/airflow/dags/example_dag.py                             0           1  0.61s           2024-09-03T18:02:36                       5
/opt/airflow/dags/dummy_dag.py                               1           0  0.24s           2024-09-03T18:02:43                      12
/opt/airflow/dags/xray_test_dag.py                           0           1  0.20s           2024-09-03T18:02:52                       5
================================================================================
[2024-09-03T18:03:35.570+0000] {manager.py:997} INFO - 
================================================================================
DAG File Processing Stats

File Path                           PID    Runtime      # DAGs    # Errors  Last Runtime    Last Run               Last # of DB Queries
----------------------------------  -----  ---------  --------  ----------  --------------  -------------------  ----------------------
/opt/airflow/dags/example_dag.py                             0           1  0.60s           2024-09-03T18:03:07                       5
/opt/airflow/dags/dummy_dag.py                               1           0  0.24s           2024-09-03T18:03:13                      12
/opt/airflow/dags/xray_test_dag.py                           0           1  0.20s           2024-09-03T18:03:22                       5
================================================================================
[2024-09-03T18:03:52.886+0000] {manager.py:821} INFO - Searching for files in /opt/airflow/dags
[2024-09-03T18:03:52.940+0000] {manager.py:824} INFO - There are 3 files in /opt/airflow/dags
[2024-09-03T18:04:06.222+0000] {manager.py:997} INFO - 
================================================================================
DAG File Processing Stats

File Path                           PID    Runtime      # DAGs    # Errors  Last Runtime    Last Run               Last # of DB Queries
----------------------------------  -----  ---------  --------  ----------  --------------  -------------------  ----------------------
/opt/airflow/dags/example_dag.py                             0           1  0.60s           2024-09-03T18:03:38                       5
/opt/airflow/dags/xray_test_dag.py                           0           1  0.23s           2024-09-03T18:03:53                       5
/opt/airflow/dags/dummy_dag.py                               1           0  0.23s           2024-09-03T18:03:44                      12
================================================================================
[2024-09-03T18:04:36.773+0000] {manager.py:997} INFO - 
================================================================================
DAG File Processing Stats

File Path                           PID    Runtime      # DAGs    # Errors  Last Runtime    Last Run               Last # of DB Queries
----------------------------------  -----  ---------  --------  ----------  --------------  -------------------  ----------------------
/opt/airflow/dags/example_dag.py                             0           1  0.52s           2024-09-03T18:04:09                       5
/opt/airflow/dags/xray_test_dag.py                           0           1  0.24s           2024-09-03T18:04:23                       5
/opt/airflow/dags/dummy_dag.py                               1           0  0.23s           2024-09-03T18:04:14                      12
================================================================================
[2024-09-03T18:05:07.236+0000] {manager.py:997} INFO - 
================================================================================
DAG File Processing Stats

File Path                           PID    Runtime      # DAGs    # Errors  Last Runtime    Last Run               Last # of DB Queries
----------------------------------  -----  ---------  --------  ----------  --------------  -------------------  ----------------------
/opt/airflow/dags/example_dag.py                             0           1  0.60s           2024-09-03T18:04:40                       5
/opt/airflow/dags/xray_test_dag.py                           0           1  0.24s           2024-09-03T18:04:54                       5
/opt/airflow/dags/dummy_dag.py                               1           0  0.21s           2024-09-03T18:04:45                      12
================================================================================
[2024-09-03T18:05:37.522+0000] {manager.py:997} INFO - 
================================================================================
DAG File Processing Stats

File Path                           PID    Runtime      # DAGs    # Errors  Last Runtime    Last Run               Last # of DB Queries
----------------------------------  -----  ---------  --------  ----------  --------------  -------------------  ----------------------
/opt/airflow/dags/example_dag.py                             0           1  0.52s           2024-09-03T18:05:11                       5
/opt/airflow/dags/dummy_dag.py                               1           0  0.22s           2024-09-03T18:05:15                      12
/opt/airflow/dags/xray_test_dag.py                           0           1  0.20s           2024-09-03T18:05:24                       5
================================================================================
[2024-09-03T18:06:08.158+0000] {manager.py:997} INFO - 
================================================================================
DAG File Processing Stats

File Path                           PID    Runtime      # DAGs    # Errors  Last Runtime    Last Run               Last # of DB Queries
----------------------------------  -----  ---------  --------  ----------  --------------  -------------------  ----------------------
/opt/airflow/dags/example_dag.py                             0           1  0.66s           2024-09-03T18:05:43                       5
/opt/airflow/dags/xray_test_dag.py                           0           1  0.24s           2024-09-03T18:05:55                       5
/opt/airflow/dags/dummy_dag.py                               1           0  0.19s           2024-09-03T18:05:45                      12
================================================================================
[2024-09-03T18:06:29.290+0000] {manager.py:465} INFO - Exiting gracefully upon receiving signal 15
