[2024-09-03T17:43:52.218+0000] {processor.py:186} INFO - Started process (PID=176) to work on /opt/airflow/dags/dummy_dag.py
[2024-09-03T17:43:52.220+0000] {processor.py:914} INFO - Processing file /opt/airflow/dags/dummy_dag.py for tasks to queue
[2024-09-03T17:43:52.226+0000] {logging_mixin.py:190} INFO - [2024-09-03T17:43:52.226+0000] {dagbag.py:587} INFO - Filling up the DagBag from /opt/airflow/dags/dummy_dag.py
[2024-09-03T17:43:52.261+0000] {processor.py:925} INFO - DAG(s) 'dummy_dag' retrieved from /opt/airflow/dags/dummy_dag.py
[2024-09-03T17:43:52.368+0000] {logging_mixin.py:190} INFO - [2024-09-03T17:43:52.368+0000] {dag.py:3211} INFO - Sync 1 DAGs
[2024-09-03T17:43:52.423+0000] {logging_mixin.py:190} INFO - [2024-09-03T17:43:52.423+0000] {dag.py:4138} INFO - Setting next_dagrun for dummy_dag to 2016-01-01 00:00:00+00:00, run_after=2016-01-02 00:00:00+00:00
[2024-09-03T17:43:52.503+0000] {processor.py:208} INFO - Processing /opt/airflow/dags/dummy_dag.py took 0.296 seconds
[2024-09-03T17:44:22.897+0000] {processor.py:186} INFO - Started process (PID=189) to work on /opt/airflow/dags/dummy_dag.py
[2024-09-03T17:44:22.898+0000] {processor.py:914} INFO - Processing file /opt/airflow/dags/dummy_dag.py for tasks to queue
[2024-09-03T17:44:22.902+0000] {logging_mixin.py:190} INFO - [2024-09-03T17:44:22.902+0000] {dagbag.py:587} INFO - Filling up the DagBag from /opt/airflow/dags/dummy_dag.py
[2024-09-03T17:44:22.924+0000] {processor.py:925} INFO - DAG(s) 'dummy_dag' retrieved from /opt/airflow/dags/dummy_dag.py
[2024-09-03T17:44:22.974+0000] {logging_mixin.py:190} INFO - [2024-09-03T17:44:22.973+0000] {dag.py:3211} INFO - Sync 1 DAGs
[2024-09-03T17:44:23.021+0000] {logging_mixin.py:190} INFO - [2024-09-03T17:44:23.020+0000] {dag.py:4138} INFO - Setting next_dagrun for dummy_dag to 2016-01-01 00:00:00+00:00, run_after=2016-01-02 00:00:00+00:00
[2024-09-03T17:44:23.089+0000] {processor.py:208} INFO - Processing /opt/airflow/dags/dummy_dag.py took 0.202 seconds
[2024-09-03T17:44:53.160+0000] {processor.py:186} INFO - Started process (PID=205) to work on /opt/airflow/dags/dummy_dag.py
[2024-09-03T17:44:53.160+0000] {processor.py:914} INFO - Processing file /opt/airflow/dags/dummy_dag.py for tasks to queue
[2024-09-03T17:44:53.163+0000] {logging_mixin.py:190} INFO - [2024-09-03T17:44:53.163+0000] {dagbag.py:587} INFO - Filling up the DagBag from /opt/airflow/dags/dummy_dag.py
[2024-09-03T17:44:53.183+0000] {processor.py:925} INFO - DAG(s) 'dummy_dag' retrieved from /opt/airflow/dags/dummy_dag.py
[2024-09-03T17:44:53.223+0000] {logging_mixin.py:190} INFO - [2024-09-03T17:44:53.223+0000] {dag.py:3211} INFO - Sync 1 DAGs
[2024-09-03T17:44:53.264+0000] {logging_mixin.py:190} INFO - [2024-09-03T17:44:53.263+0000] {dag.py:4138} INFO - Setting next_dagrun for dummy_dag to 2016-01-01 00:00:00+00:00, run_after=2016-01-02 00:00:00+00:00
[2024-09-03T17:44:53.315+0000] {processor.py:208} INFO - Processing /opt/airflow/dags/dummy_dag.py took 0.163 seconds
[2024-09-03T17:45:23.491+0000] {processor.py:186} INFO - Started process (PID=221) to work on /opt/airflow/dags/dummy_dag.py
[2024-09-03T17:45:23.493+0000] {processor.py:914} INFO - Processing file /opt/airflow/dags/dummy_dag.py for tasks to queue
[2024-09-03T17:45:23.496+0000] {logging_mixin.py:190} INFO - [2024-09-03T17:45:23.496+0000] {dagbag.py:587} INFO - Filling up the DagBag from /opt/airflow/dags/dummy_dag.py
[2024-09-03T17:45:23.514+0000] {processor.py:925} INFO - DAG(s) 'dummy_dag' retrieved from /opt/airflow/dags/dummy_dag.py
[2024-09-03T17:45:23.559+0000] {logging_mixin.py:190} INFO - [2024-09-03T17:45:23.559+0000] {dag.py:3211} INFO - Sync 1 DAGs
[2024-09-03T17:45:23.602+0000] {logging_mixin.py:190} INFO - [2024-09-03T17:45:23.601+0000] {dag.py:4138} INFO - Setting next_dagrun for dummy_dag to 2016-01-01 00:00:00+00:00, run_after=2016-01-02 00:00:00+00:00
[2024-09-03T17:45:23.655+0000] {processor.py:208} INFO - Processing /opt/airflow/dags/dummy_dag.py took 0.173 seconds
[2024-09-03T17:45:53.772+0000] {processor.py:186} INFO - Started process (PID=237) to work on /opt/airflow/dags/dummy_dag.py
[2024-09-03T17:45:53.773+0000] {processor.py:914} INFO - Processing file /opt/airflow/dags/dummy_dag.py for tasks to queue
[2024-09-03T17:45:53.776+0000] {logging_mixin.py:190} INFO - [2024-09-03T17:45:53.776+0000] {dagbag.py:587} INFO - Filling up the DagBag from /opt/airflow/dags/dummy_dag.py
[2024-09-03T17:45:53.796+0000] {processor.py:925} INFO - DAG(s) 'dummy_dag' retrieved from /opt/airflow/dags/dummy_dag.py
[2024-09-03T17:45:53.848+0000] {logging_mixin.py:190} INFO - [2024-09-03T17:45:53.847+0000] {dag.py:3211} INFO - Sync 1 DAGs
[2024-09-03T17:45:53.888+0000] {logging_mixin.py:190} INFO - [2024-09-03T17:45:53.888+0000] {dag.py:4138} INFO - Setting next_dagrun for dummy_dag to 2016-01-01 00:00:00+00:00, run_after=2016-01-02 00:00:00+00:00
[2024-09-03T17:45:53.944+0000] {processor.py:208} INFO - Processing /opt/airflow/dags/dummy_dag.py took 0.178 seconds
[2024-09-03T17:46:24.058+0000] {processor.py:186} INFO - Started process (PID=253) to work on /opt/airflow/dags/dummy_dag.py
[2024-09-03T17:46:24.059+0000] {processor.py:914} INFO - Processing file /opt/airflow/dags/dummy_dag.py for tasks to queue
[2024-09-03T17:46:24.063+0000] {logging_mixin.py:190} INFO - [2024-09-03T17:46:24.063+0000] {dagbag.py:587} INFO - Filling up the DagBag from /opt/airflow/dags/dummy_dag.py
[2024-09-03T17:46:24.083+0000] {processor.py:925} INFO - DAG(s) 'dummy_dag' retrieved from /opt/airflow/dags/dummy_dag.py
[2024-09-03T17:46:24.138+0000] {logging_mixin.py:190} INFO - [2024-09-03T17:46:24.138+0000] {dag.py:3211} INFO - Sync 1 DAGs
[2024-09-03T17:46:24.188+0000] {logging_mixin.py:190} INFO - [2024-09-03T17:46:24.187+0000] {dag.py:4138} INFO - Setting next_dagrun for dummy_dag to 2016-01-01 00:00:00+00:00, run_after=2016-01-02 00:00:00+00:00
[2024-09-03T17:46:24.262+0000] {processor.py:208} INFO - Processing /opt/airflow/dags/dummy_dag.py took 0.215 seconds
[2024-09-03T17:46:54.376+0000] {processor.py:186} INFO - Started process (PID=269) to work on /opt/airflow/dags/dummy_dag.py
[2024-09-03T17:46:54.377+0000] {processor.py:914} INFO - Processing file /opt/airflow/dags/dummy_dag.py for tasks to queue
[2024-09-03T17:46:54.380+0000] {logging_mixin.py:190} INFO - [2024-09-03T17:46:54.380+0000] {dagbag.py:587} INFO - Filling up the DagBag from /opt/airflow/dags/dummy_dag.py
[2024-09-03T17:46:54.402+0000] {processor.py:925} INFO - DAG(s) 'dummy_dag' retrieved from /opt/airflow/dags/dummy_dag.py
[2024-09-03T17:46:54.446+0000] {logging_mixin.py:190} INFO - [2024-09-03T17:46:54.446+0000] {dag.py:3211} INFO - Sync 1 DAGs
[2024-09-03T17:46:54.484+0000] {logging_mixin.py:190} INFO - [2024-09-03T17:46:54.483+0000] {dag.py:4138} INFO - Setting next_dagrun for dummy_dag to 2016-01-01 00:00:00+00:00, run_after=2016-01-02 00:00:00+00:00
[2024-09-03T17:46:54.537+0000] {processor.py:208} INFO - Processing /opt/airflow/dags/dummy_dag.py took 0.169 seconds
[2024-09-03T17:47:25.069+0000] {processor.py:186} INFO - Started process (PID=285) to work on /opt/airflow/dags/dummy_dag.py
[2024-09-03T17:47:25.070+0000] {processor.py:914} INFO - Processing file /opt/airflow/dags/dummy_dag.py for tasks to queue
[2024-09-03T17:47:25.075+0000] {logging_mixin.py:190} INFO - [2024-09-03T17:47:25.074+0000] {dagbag.py:587} INFO - Filling up the DagBag from /opt/airflow/dags/dummy_dag.py
[2024-09-03T17:47:25.097+0000] {processor.py:925} INFO - DAG(s) 'dummy_dag' retrieved from /opt/airflow/dags/dummy_dag.py
[2024-09-03T17:47:25.148+0000] {logging_mixin.py:190} INFO - [2024-09-03T17:47:25.148+0000] {dag.py:3211} INFO - Sync 1 DAGs
[2024-09-03T17:47:25.199+0000] {logging_mixin.py:190} INFO - [2024-09-03T17:47:25.199+0000] {dag.py:4138} INFO - Setting next_dagrun for dummy_dag to 2016-01-01 00:00:00+00:00, run_after=2016-01-02 00:00:00+00:00
[2024-09-03T17:47:25.321+0000] {processor.py:208} INFO - Processing /opt/airflow/dags/dummy_dag.py took 0.265 seconds
[2024-09-03T17:47:55.805+0000] {processor.py:186} INFO - Started process (PID=301) to work on /opt/airflow/dags/dummy_dag.py
[2024-09-03T17:47:55.806+0000] {processor.py:914} INFO - Processing file /opt/airflow/dags/dummy_dag.py for tasks to queue
[2024-09-03T17:47:55.810+0000] {logging_mixin.py:190} INFO - [2024-09-03T17:47:55.809+0000] {dagbag.py:587} INFO - Filling up the DagBag from /opt/airflow/dags/dummy_dag.py
[2024-09-03T17:47:55.833+0000] {processor.py:925} INFO - DAG(s) 'dummy_dag' retrieved from /opt/airflow/dags/dummy_dag.py
[2024-09-03T17:47:55.880+0000] {logging_mixin.py:190} INFO - [2024-09-03T17:47:55.880+0000] {dag.py:3211} INFO - Sync 1 DAGs
[2024-09-03T17:47:55.921+0000] {logging_mixin.py:190} INFO - [2024-09-03T17:47:55.921+0000] {dag.py:4138} INFO - Setting next_dagrun for dummy_dag to 2016-01-01 00:00:00+00:00, run_after=2016-01-02 00:00:00+00:00
[2024-09-03T17:47:55.982+0000] {processor.py:208} INFO - Processing /opt/airflow/dags/dummy_dag.py took 0.187 seconds
[2024-09-03T17:48:26.282+0000] {processor.py:186} INFO - Started process (PID=322) to work on /opt/airflow/dags/dummy_dag.py
[2024-09-03T17:48:26.285+0000] {processor.py:914} INFO - Processing file /opt/airflow/dags/dummy_dag.py for tasks to queue
[2024-09-03T17:48:26.289+0000] {logging_mixin.py:190} INFO - [2024-09-03T17:48:26.289+0000] {dagbag.py:587} INFO - Filling up the DagBag from /opt/airflow/dags/dummy_dag.py
[2024-09-03T17:48:26.324+0000] {processor.py:925} INFO - DAG(s) 'dummy_dag' retrieved from /opt/airflow/dags/dummy_dag.py
[2024-09-03T17:48:26.384+0000] {logging_mixin.py:190} INFO - [2024-09-03T17:48:26.383+0000] {dag.py:3211} INFO - Sync 1 DAGs
[2024-09-03T17:48:26.431+0000] {logging_mixin.py:190} INFO - [2024-09-03T17:48:26.430+0000] {dag.py:4138} INFO - Setting next_dagrun for dummy_dag to 2016-01-01 00:00:00+00:00, run_after=2016-01-02 00:00:00+00:00
[2024-09-03T17:48:26.519+0000] {processor.py:208} INFO - Processing /opt/airflow/dags/dummy_dag.py took 0.252 seconds
[2024-09-03T17:48:56.921+0000] {processor.py:186} INFO - Started process (PID=338) to work on /opt/airflow/dags/dummy_dag.py
[2024-09-03T17:48:56.922+0000] {processor.py:914} INFO - Processing file /opt/airflow/dags/dummy_dag.py for tasks to queue
[2024-09-03T17:48:56.925+0000] {logging_mixin.py:190} INFO - [2024-09-03T17:48:56.925+0000] {dagbag.py:587} INFO - Filling up the DagBag from /opt/airflow/dags/dummy_dag.py
[2024-09-03T17:48:56.942+0000] {processor.py:925} INFO - DAG(s) 'dummy_dag' retrieved from /opt/airflow/dags/dummy_dag.py
[2024-09-03T17:48:56.989+0000] {logging_mixin.py:190} INFO - [2024-09-03T17:48:56.989+0000] {dag.py:3211} INFO - Sync 1 DAGs
[2024-09-03T17:48:57.035+0000] {logging_mixin.py:190} INFO - [2024-09-03T17:48:57.035+0000] {dag.py:4138} INFO - Setting next_dagrun for dummy_dag to 2016-01-01 00:00:00+00:00, run_after=2016-01-02 00:00:00+00:00
[2024-09-03T17:48:57.130+0000] {processor.py:208} INFO - Processing /opt/airflow/dags/dummy_dag.py took 0.218 seconds
[2024-09-03T17:49:27.457+0000] {processor.py:186} INFO - Started process (PID=354) to work on /opt/airflow/dags/dummy_dag.py
[2024-09-03T17:49:27.458+0000] {processor.py:914} INFO - Processing file /opt/airflow/dags/dummy_dag.py for tasks to queue
[2024-09-03T17:49:27.462+0000] {logging_mixin.py:190} INFO - [2024-09-03T17:49:27.461+0000] {dagbag.py:587} INFO - Filling up the DagBag from /opt/airflow/dags/dummy_dag.py
[2024-09-03T17:49:27.483+0000] {processor.py:925} INFO - DAG(s) 'dummy_dag' retrieved from /opt/airflow/dags/dummy_dag.py
[2024-09-03T17:49:27.548+0000] {logging_mixin.py:190} INFO - [2024-09-03T17:49:27.548+0000] {dag.py:3211} INFO - Sync 1 DAGs
[2024-09-03T17:49:27.590+0000] {logging_mixin.py:190} INFO - [2024-09-03T17:49:27.590+0000] {dag.py:4138} INFO - Setting next_dagrun for dummy_dag to 2016-01-01 00:00:00+00:00, run_after=2016-01-02 00:00:00+00:00
[2024-09-03T17:49:27.666+0000] {processor.py:208} INFO - Processing /opt/airflow/dags/dummy_dag.py took 0.217 seconds
[2024-09-03T17:49:57.742+0000] {processor.py:186} INFO - Started process (PID=370) to work on /opt/airflow/dags/dummy_dag.py
[2024-09-03T17:49:57.744+0000] {processor.py:914} INFO - Processing file /opt/airflow/dags/dummy_dag.py for tasks to queue
[2024-09-03T17:49:57.759+0000] {logging_mixin.py:190} INFO - [2024-09-03T17:49:57.758+0000] {dagbag.py:587} INFO - Filling up the DagBag from /opt/airflow/dags/dummy_dag.py
[2024-09-03T17:49:57.776+0000] {processor.py:925} INFO - DAG(s) 'dummy_dag' retrieved from /opt/airflow/dags/dummy_dag.py
[2024-09-03T17:49:57.822+0000] {logging_mixin.py:190} INFO - [2024-09-03T17:49:57.821+0000] {dag.py:3211} INFO - Sync 1 DAGs
[2024-09-03T17:49:57.860+0000] {logging_mixin.py:190} INFO - [2024-09-03T17:49:57.860+0000] {dag.py:4138} INFO - Setting next_dagrun for dummy_dag to 2016-01-01 00:00:00+00:00, run_after=2016-01-02 00:00:00+00:00
[2024-09-03T17:49:57.916+0000] {processor.py:208} INFO - Processing /opt/airflow/dags/dummy_dag.py took 0.184 seconds
[2024-09-03T17:50:28.582+0000] {processor.py:186} INFO - Started process (PID=386) to work on /opt/airflow/dags/dummy_dag.py
[2024-09-03T17:50:28.583+0000] {processor.py:914} INFO - Processing file /opt/airflow/dags/dummy_dag.py for tasks to queue
[2024-09-03T17:50:28.587+0000] {logging_mixin.py:190} INFO - [2024-09-03T17:50:28.587+0000] {dagbag.py:587} INFO - Filling up the DagBag from /opt/airflow/dags/dummy_dag.py
[2024-09-03T17:50:28.607+0000] {processor.py:925} INFO - DAG(s) 'dummy_dag' retrieved from /opt/airflow/dags/dummy_dag.py
[2024-09-03T17:50:28.653+0000] {logging_mixin.py:190} INFO - [2024-09-03T17:50:28.653+0000] {dag.py:3211} INFO - Sync 1 DAGs
[2024-09-03T17:50:28.692+0000] {logging_mixin.py:190} INFO - [2024-09-03T17:50:28.692+0000] {dag.py:4138} INFO - Setting next_dagrun for dummy_dag to 2016-01-01 00:00:00+00:00, run_after=2016-01-02 00:00:00+00:00
[2024-09-03T17:50:28.923+0000] {processor.py:208} INFO - Processing /opt/airflow/dags/dummy_dag.py took 0.351 seconds
[2024-09-03T17:50:59.488+0000] {processor.py:186} INFO - Started process (PID=402) to work on /opt/airflow/dags/dummy_dag.py
[2024-09-03T17:50:59.489+0000] {processor.py:914} INFO - Processing file /opt/airflow/dags/dummy_dag.py for tasks to queue
[2024-09-03T17:50:59.492+0000] {logging_mixin.py:190} INFO - [2024-09-03T17:50:59.491+0000] {dagbag.py:587} INFO - Filling up the DagBag from /opt/airflow/dags/dummy_dag.py
[2024-09-03T17:50:59.509+0000] {processor.py:925} INFO - DAG(s) 'dummy_dag' retrieved from /opt/airflow/dags/dummy_dag.py
[2024-09-03T17:50:59.572+0000] {logging_mixin.py:190} INFO - [2024-09-03T17:50:59.572+0000] {dag.py:3211} INFO - Sync 1 DAGs
[2024-09-03T17:50:59.619+0000] {logging_mixin.py:190} INFO - [2024-09-03T17:50:59.618+0000] {dag.py:4138} INFO - Setting next_dagrun for dummy_dag to 2016-01-01 00:00:00+00:00, run_after=2016-01-02 00:00:00+00:00
[2024-09-03T17:50:59.780+0000] {processor.py:208} INFO - Processing /opt/airflow/dags/dummy_dag.py took 0.298 seconds
[2024-09-03T17:51:29.882+0000] {processor.py:186} INFO - Started process (PID=418) to work on /opt/airflow/dags/dummy_dag.py
[2024-09-03T17:51:29.883+0000] {processor.py:914} INFO - Processing file /opt/airflow/dags/dummy_dag.py for tasks to queue
[2024-09-03T17:51:29.888+0000] {logging_mixin.py:190} INFO - [2024-09-03T17:51:29.887+0000] {dagbag.py:587} INFO - Filling up the DagBag from /opt/airflow/dags/dummy_dag.py
[2024-09-03T17:51:29.917+0000] {processor.py:925} INFO - DAG(s) 'dummy_dag' retrieved from /opt/airflow/dags/dummy_dag.py
[2024-09-03T17:51:29.979+0000] {logging_mixin.py:190} INFO - [2024-09-03T17:51:29.978+0000] {dag.py:3211} INFO - Sync 1 DAGs
[2024-09-03T17:51:30.027+0000] {logging_mixin.py:190} INFO - [2024-09-03T17:51:30.026+0000] {dag.py:4138} INFO - Setting next_dagrun for dummy_dag to 2016-01-01 00:00:00+00:00, run_after=2016-01-02 00:00:00+00:00
[2024-09-03T17:51:30.097+0000] {processor.py:208} INFO - Processing /opt/airflow/dags/dummy_dag.py took 0.224 seconds
[2024-09-03T17:52:00.795+0000] {processor.py:186} INFO - Started process (PID=434) to work on /opt/airflow/dags/dummy_dag.py
[2024-09-03T17:52:00.797+0000] {processor.py:914} INFO - Processing file /opt/airflow/dags/dummy_dag.py for tasks to queue
[2024-09-03T17:52:00.800+0000] {logging_mixin.py:190} INFO - [2024-09-03T17:52:00.800+0000] {dagbag.py:587} INFO - Filling up the DagBag from /opt/airflow/dags/dummy_dag.py
[2024-09-03T17:52:00.825+0000] {processor.py:925} INFO - DAG(s) 'dummy_dag' retrieved from /opt/airflow/dags/dummy_dag.py
[2024-09-03T17:52:00.892+0000] {logging_mixin.py:190} INFO - [2024-09-03T17:52:00.892+0000] {dag.py:3211} INFO - Sync 1 DAGs
[2024-09-03T17:52:00.935+0000] {logging_mixin.py:190} INFO - [2024-09-03T17:52:00.935+0000] {dag.py:4138} INFO - Setting next_dagrun for dummy_dag to 2016-01-01 00:00:00+00:00, run_after=2016-01-02 00:00:00+00:00
[2024-09-03T17:52:00.995+0000] {processor.py:208} INFO - Processing /opt/airflow/dags/dummy_dag.py took 0.217 seconds
[2024-09-03T17:52:31.391+0000] {processor.py:186} INFO - Started process (PID=450) to work on /opt/airflow/dags/dummy_dag.py
[2024-09-03T17:52:31.392+0000] {processor.py:914} INFO - Processing file /opt/airflow/dags/dummy_dag.py for tasks to queue
[2024-09-03T17:52:31.396+0000] {logging_mixin.py:190} INFO - [2024-09-03T17:52:31.395+0000] {dagbag.py:587} INFO - Filling up the DagBag from /opt/airflow/dags/dummy_dag.py
[2024-09-03T17:52:31.430+0000] {processor.py:925} INFO - DAG(s) 'dummy_dag' retrieved from /opt/airflow/dags/dummy_dag.py
[2024-09-03T17:52:31.500+0000] {logging_mixin.py:190} INFO - [2024-09-03T17:52:31.500+0000] {dag.py:3211} INFO - Sync 1 DAGs
[2024-09-03T17:52:31.556+0000] {logging_mixin.py:190} INFO - [2024-09-03T17:52:31.556+0000] {dag.py:4138} INFO - Setting next_dagrun for dummy_dag to 2016-01-01 00:00:00+00:00, run_after=2016-01-02 00:00:00+00:00
[2024-09-03T17:52:31.789+0000] {processor.py:208} INFO - Processing /opt/airflow/dags/dummy_dag.py took 0.412 seconds
[2024-09-03T17:53:02.631+0000] {processor.py:186} INFO - Started process (PID=466) to work on /opt/airflow/dags/dummy_dag.py
[2024-09-03T17:53:02.632+0000] {processor.py:914} INFO - Processing file /opt/airflow/dags/dummy_dag.py for tasks to queue
[2024-09-03T17:53:02.635+0000] {logging_mixin.py:190} INFO - [2024-09-03T17:53:02.634+0000] {dagbag.py:587} INFO - Filling up the DagBag from /opt/airflow/dags/dummy_dag.py
[2024-09-03T17:53:02.655+0000] {processor.py:925} INFO - DAG(s) 'dummy_dag' retrieved from /opt/airflow/dags/dummy_dag.py
[2024-09-03T17:53:02.699+0000] {logging_mixin.py:190} INFO - [2024-09-03T17:53:02.698+0000] {dag.py:3211} INFO - Sync 1 DAGs
[2024-09-03T17:53:02.864+0000] {logging_mixin.py:190} INFO - [2024-09-03T17:53:02.864+0000] {dag.py:4138} INFO - Setting next_dagrun for dummy_dag to 2016-01-01 00:00:00+00:00, run_after=2016-01-02 00:00:00+00:00
[2024-09-03T17:53:02.920+0000] {processor.py:208} INFO - Processing /opt/airflow/dags/dummy_dag.py took 0.295 seconds
[2024-09-03T17:53:33.001+0000] {processor.py:186} INFO - Started process (PID=482) to work on /opt/airflow/dags/dummy_dag.py
[2024-09-03T17:53:33.003+0000] {processor.py:914} INFO - Processing file /opt/airflow/dags/dummy_dag.py for tasks to queue
[2024-09-03T17:53:33.008+0000] {logging_mixin.py:190} INFO - [2024-09-03T17:53:33.007+0000] {dagbag.py:587} INFO - Filling up the DagBag from /opt/airflow/dags/dummy_dag.py
[2024-09-03T17:53:33.029+0000] {processor.py:925} INFO - DAG(s) 'dummy_dag' retrieved from /opt/airflow/dags/dummy_dag.py
[2024-09-03T17:53:33.080+0000] {logging_mixin.py:190} INFO - [2024-09-03T17:53:33.080+0000] {dag.py:3211} INFO - Sync 1 DAGs
[2024-09-03T17:53:33.118+0000] {logging_mixin.py:190} INFO - [2024-09-03T17:53:33.118+0000] {dag.py:4138} INFO - Setting next_dagrun for dummy_dag to 2016-01-01 00:00:00+00:00, run_after=2016-01-02 00:00:00+00:00
[2024-09-03T17:53:33.171+0000] {processor.py:208} INFO - Processing /opt/airflow/dags/dummy_dag.py took 0.179 seconds
[2024-09-03T17:54:03.231+0000] {processor.py:186} INFO - Started process (PID=498) to work on /opt/airflow/dags/dummy_dag.py
[2024-09-03T17:54:03.233+0000] {processor.py:914} INFO - Processing file /opt/airflow/dags/dummy_dag.py for tasks to queue
[2024-09-03T17:54:03.236+0000] {logging_mixin.py:190} INFO - [2024-09-03T17:54:03.236+0000] {dagbag.py:587} INFO - Filling up the DagBag from /opt/airflow/dags/dummy_dag.py
[2024-09-03T17:54:03.261+0000] {processor.py:925} INFO - DAG(s) 'dummy_dag' retrieved from /opt/airflow/dags/dummy_dag.py
[2024-09-03T17:54:03.327+0000] {logging_mixin.py:190} INFO - [2024-09-03T17:54:03.327+0000] {dag.py:3211} INFO - Sync 1 DAGs
[2024-09-03T17:54:03.386+0000] {logging_mixin.py:190} INFO - [2024-09-03T17:54:03.385+0000] {dag.py:4138} INFO - Setting next_dagrun for dummy_dag to 2016-01-01 00:00:00+00:00, run_after=2016-01-02 00:00:00+00:00
[2024-09-03T17:54:03.452+0000] {processor.py:208} INFO - Processing /opt/airflow/dags/dummy_dag.py took 0.231 seconds
[2024-09-03T17:54:33.543+0000] {processor.py:186} INFO - Started process (PID=514) to work on /opt/airflow/dags/dummy_dag.py
[2024-09-03T17:54:33.544+0000] {processor.py:914} INFO - Processing file /opt/airflow/dags/dummy_dag.py for tasks to queue
[2024-09-03T17:54:33.549+0000] {logging_mixin.py:190} INFO - [2024-09-03T17:54:33.548+0000] {dagbag.py:587} INFO - Filling up the DagBag from /opt/airflow/dags/dummy_dag.py
[2024-09-03T17:54:33.578+0000] {processor.py:925} INFO - DAG(s) 'dummy_dag' retrieved from /opt/airflow/dags/dummy_dag.py
[2024-09-03T17:54:33.639+0000] {logging_mixin.py:190} INFO - [2024-09-03T17:54:33.638+0000] {dag.py:3211} INFO - Sync 1 DAGs
[2024-09-03T17:54:33.829+0000] {logging_mixin.py:190} INFO - [2024-09-03T17:54:33.828+0000] {dag.py:4138} INFO - Setting next_dagrun for dummy_dag to 2016-01-01 00:00:00+00:00, run_after=2016-01-02 00:00:00+00:00
[2024-09-03T17:54:33.872+0000] {processor.py:208} INFO - Processing /opt/airflow/dags/dummy_dag.py took 0.342 seconds
[2024-09-03T17:55:04.098+0000] {processor.py:186} INFO - Started process (PID=530) to work on /opt/airflow/dags/dummy_dag.py
[2024-09-03T17:55:04.100+0000] {processor.py:914} INFO - Processing file /opt/airflow/dags/dummy_dag.py for tasks to queue
[2024-09-03T17:55:04.102+0000] {logging_mixin.py:190} INFO - [2024-09-03T17:55:04.102+0000] {dagbag.py:587} INFO - Filling up the DagBag from /opt/airflow/dags/dummy_dag.py
[2024-09-03T17:55:04.123+0000] {processor.py:925} INFO - DAG(s) 'dummy_dag' retrieved from /opt/airflow/dags/dummy_dag.py
[2024-09-03T17:55:04.172+0000] {logging_mixin.py:190} INFO - [2024-09-03T17:55:04.171+0000] {dag.py:3211} INFO - Sync 1 DAGs
[2024-09-03T17:55:04.347+0000] {logging_mixin.py:190} INFO - [2024-09-03T17:55:04.347+0000] {dag.py:4138} INFO - Setting next_dagrun for dummy_dag to 2016-01-01 00:00:00+00:00, run_after=2016-01-02 00:00:00+00:00
[2024-09-03T17:55:04.399+0000] {processor.py:208} INFO - Processing /opt/airflow/dags/dummy_dag.py took 0.307 seconds
[2024-09-03T17:55:34.791+0000] {processor.py:186} INFO - Started process (PID=546) to work on /opt/airflow/dags/dummy_dag.py
[2024-09-03T17:55:34.792+0000] {processor.py:914} INFO - Processing file /opt/airflow/dags/dummy_dag.py for tasks to queue
[2024-09-03T17:55:34.794+0000] {logging_mixin.py:190} INFO - [2024-09-03T17:55:34.794+0000] {dagbag.py:587} INFO - Filling up the DagBag from /opt/airflow/dags/dummy_dag.py
[2024-09-03T17:55:34.814+0000] {processor.py:925} INFO - DAG(s) 'dummy_dag' retrieved from /opt/airflow/dags/dummy_dag.py
[2024-09-03T17:55:34.856+0000] {logging_mixin.py:190} INFO - [2024-09-03T17:55:34.856+0000] {dag.py:3211} INFO - Sync 1 DAGs
[2024-09-03T17:55:34.890+0000] {logging_mixin.py:190} INFO - [2024-09-03T17:55:34.890+0000] {dag.py:4138} INFO - Setting next_dagrun for dummy_dag to 2016-01-01 00:00:00+00:00, run_after=2016-01-02 00:00:00+00:00
[2024-09-03T17:55:34.945+0000] {processor.py:208} INFO - Processing /opt/airflow/dags/dummy_dag.py took 0.161 seconds
[2024-09-03T17:56:05.156+0000] {processor.py:186} INFO - Started process (PID=562) to work on /opt/airflow/dags/dummy_dag.py
[2024-09-03T17:56:05.157+0000] {processor.py:914} INFO - Processing file /opt/airflow/dags/dummy_dag.py for tasks to queue
[2024-09-03T17:56:05.160+0000] {logging_mixin.py:190} INFO - [2024-09-03T17:56:05.160+0000] {dagbag.py:587} INFO - Filling up the DagBag from /opt/airflow/dags/dummy_dag.py
[2024-09-03T17:56:05.178+0000] {processor.py:925} INFO - DAG(s) 'dummy_dag' retrieved from /opt/airflow/dags/dummy_dag.py
[2024-09-03T17:56:05.221+0000] {logging_mixin.py:190} INFO - [2024-09-03T17:56:05.221+0000] {dag.py:3211} INFO - Sync 1 DAGs
[2024-09-03T17:56:05.257+0000] {logging_mixin.py:190} INFO - [2024-09-03T17:56:05.257+0000] {dag.py:4138} INFO - Setting next_dagrun for dummy_dag to 2016-01-01 00:00:00+00:00, run_after=2016-01-02 00:00:00+00:00
[2024-09-03T17:56:05.318+0000] {processor.py:208} INFO - Processing /opt/airflow/dags/dummy_dag.py took 0.169 seconds
[2024-09-03T17:56:35.374+0000] {processor.py:186} INFO - Started process (PID=578) to work on /opt/airflow/dags/dummy_dag.py
[2024-09-03T17:56:35.375+0000] {processor.py:914} INFO - Processing file /opt/airflow/dags/dummy_dag.py for tasks to queue
[2024-09-03T17:56:35.378+0000] {logging_mixin.py:190} INFO - [2024-09-03T17:56:35.378+0000] {dagbag.py:587} INFO - Filling up the DagBag from /opt/airflow/dags/dummy_dag.py
[2024-09-03T17:56:35.398+0000] {processor.py:925} INFO - DAG(s) 'dummy_dag' retrieved from /opt/airflow/dags/dummy_dag.py
[2024-09-03T17:56:35.445+0000] {logging_mixin.py:190} INFO - [2024-09-03T17:56:35.445+0000] {dag.py:3211} INFO - Sync 1 DAGs
[2024-09-03T17:56:35.480+0000] {logging_mixin.py:190} INFO - [2024-09-03T17:56:35.480+0000] {dag.py:4138} INFO - Setting next_dagrun for dummy_dag to 2016-01-01 00:00:00+00:00, run_after=2016-01-02 00:00:00+00:00
[2024-09-03T17:56:35.709+0000] {processor.py:208} INFO - Processing /opt/airflow/dags/dummy_dag.py took 0.343 seconds
[2024-09-03T17:57:06.377+0000] {processor.py:186} INFO - Started process (PID=594) to work on /opt/airflow/dags/dummy_dag.py
[2024-09-03T17:57:06.378+0000] {processor.py:914} INFO - Processing file /opt/airflow/dags/dummy_dag.py for tasks to queue
[2024-09-03T17:57:06.381+0000] {logging_mixin.py:190} INFO - [2024-09-03T17:57:06.381+0000] {dagbag.py:587} INFO - Filling up the DagBag from /opt/airflow/dags/dummy_dag.py
[2024-09-03T17:57:06.400+0000] {processor.py:925} INFO - DAG(s) 'dummy_dag' retrieved from /opt/airflow/dags/dummy_dag.py
[2024-09-03T17:57:06.455+0000] {logging_mixin.py:190} INFO - [2024-09-03T17:57:06.455+0000] {dag.py:3211} INFO - Sync 1 DAGs
[2024-09-03T17:57:06.669+0000] {logging_mixin.py:190} INFO - [2024-09-03T17:57:06.668+0000] {dag.py:4138} INFO - Setting next_dagrun for dummy_dag to 2016-01-01 00:00:00+00:00, run_after=2016-01-02 00:00:00+00:00
[2024-09-03T17:57:06.747+0000] {processor.py:208} INFO - Processing /opt/airflow/dags/dummy_dag.py took 0.377 seconds
[2024-09-03T17:57:37.336+0000] {processor.py:186} INFO - Started process (PID=610) to work on /opt/airflow/dags/dummy_dag.py
[2024-09-03T17:57:37.338+0000] {processor.py:914} INFO - Processing file /opt/airflow/dags/dummy_dag.py for tasks to queue
[2024-09-03T17:57:37.341+0000] {logging_mixin.py:190} INFO - [2024-09-03T17:57:37.340+0000] {dagbag.py:587} INFO - Filling up the DagBag from /opt/airflow/dags/dummy_dag.py
[2024-09-03T17:57:37.504+0000] {processor.py:925} INFO - DAG(s) 'dummy_dag' retrieved from /opt/airflow/dags/dummy_dag.py
[2024-09-03T17:57:37.543+0000] {logging_mixin.py:190} INFO - [2024-09-03T17:57:37.543+0000] {dag.py:3211} INFO - Sync 1 DAGs
[2024-09-03T17:57:37.574+0000] {logging_mixin.py:190} INFO - [2024-09-03T17:57:37.573+0000] {dag.py:4138} INFO - Setting next_dagrun for dummy_dag to 2016-01-01 00:00:00+00:00, run_after=2016-01-02 00:00:00+00:00
[2024-09-03T17:57:37.633+0000] {processor.py:208} INFO - Processing /opt/airflow/dags/dummy_dag.py took 0.304 seconds
[2024-09-03T17:58:07.996+0000] {processor.py:186} INFO - Started process (PID=626) to work on /opt/airflow/dags/dummy_dag.py
[2024-09-03T17:58:07.997+0000] {processor.py:914} INFO - Processing file /opt/airflow/dags/dummy_dag.py for tasks to queue
[2024-09-03T17:58:08.001+0000] {logging_mixin.py:190} INFO - [2024-09-03T17:58:08.001+0000] {dagbag.py:587} INFO - Filling up the DagBag from /opt/airflow/dags/dummy_dag.py
[2024-09-03T17:58:08.019+0000] {processor.py:925} INFO - DAG(s) 'dummy_dag' retrieved from /opt/airflow/dags/dummy_dag.py
[2024-09-03T17:58:08.058+0000] {logging_mixin.py:190} INFO - [2024-09-03T17:58:08.058+0000] {dag.py:3211} INFO - Sync 1 DAGs
[2024-09-03T17:58:08.090+0000] {logging_mixin.py:190} INFO - [2024-09-03T17:58:08.089+0000] {dag.py:4138} INFO - Setting next_dagrun for dummy_dag to 2016-01-01 00:00:00+00:00, run_after=2016-01-02 00:00:00+00:00
[2024-09-03T17:58:08.145+0000] {processor.py:208} INFO - Processing /opt/airflow/dags/dummy_dag.py took 0.156 seconds
[2024-09-03T17:58:38.247+0000] {processor.py:186} INFO - Started process (PID=642) to work on /opt/airflow/dags/dummy_dag.py
[2024-09-03T17:58:38.248+0000] {processor.py:914} INFO - Processing file /opt/airflow/dags/dummy_dag.py for tasks to queue
[2024-09-03T17:58:38.253+0000] {logging_mixin.py:190} INFO - [2024-09-03T17:58:38.253+0000] {dagbag.py:587} INFO - Filling up the DagBag from /opt/airflow/dags/dummy_dag.py
[2024-09-03T17:58:38.274+0000] {processor.py:925} INFO - DAG(s) 'dummy_dag' retrieved from /opt/airflow/dags/dummy_dag.py
[2024-09-03T17:58:38.323+0000] {logging_mixin.py:190} INFO - [2024-09-03T17:58:38.323+0000] {dag.py:3211} INFO - Sync 1 DAGs
[2024-09-03T17:58:38.365+0000] {logging_mixin.py:190} INFO - [2024-09-03T17:58:38.365+0000] {dag.py:4138} INFO - Setting next_dagrun for dummy_dag to 2016-01-01 00:00:00+00:00, run_after=2016-01-02 00:00:00+00:00
[2024-09-03T17:58:38.600+0000] {processor.py:208} INFO - Processing /opt/airflow/dags/dummy_dag.py took 0.360 seconds
[2024-09-03T17:59:08.703+0000] {processor.py:186} INFO - Started process (PID=658) to work on /opt/airflow/dags/dummy_dag.py
[2024-09-03T17:59:08.704+0000] {processor.py:914} INFO - Processing file /opt/airflow/dags/dummy_dag.py for tasks to queue
[2024-09-03T17:59:08.708+0000] {logging_mixin.py:190} INFO - [2024-09-03T17:59:08.707+0000] {dagbag.py:587} INFO - Filling up the DagBag from /opt/airflow/dags/dummy_dag.py
[2024-09-03T17:59:08.731+0000] {processor.py:925} INFO - DAG(s) 'dummy_dag' retrieved from /opt/airflow/dags/dummy_dag.py
[2024-09-03T17:59:08.800+0000] {logging_mixin.py:190} INFO - [2024-09-03T17:59:08.800+0000] {dag.py:3211} INFO - Sync 1 DAGs
[2024-09-03T17:59:09.031+0000] {logging_mixin.py:190} INFO - [2024-09-03T17:59:09.030+0000] {dag.py:4138} INFO - Setting next_dagrun for dummy_dag to 2016-01-01 00:00:00+00:00, run_after=2016-01-02 00:00:00+00:00
[2024-09-03T17:59:09.111+0000] {processor.py:208} INFO - Processing /opt/airflow/dags/dummy_dag.py took 0.417 seconds
[2024-09-03T17:59:39.416+0000] {processor.py:186} INFO - Started process (PID=674) to work on /opt/airflow/dags/dummy_dag.py
[2024-09-03T17:59:39.418+0000] {processor.py:914} INFO - Processing file /opt/airflow/dags/dummy_dag.py for tasks to queue
[2024-09-03T17:59:39.422+0000] {logging_mixin.py:190} INFO - [2024-09-03T17:59:39.422+0000] {dagbag.py:587} INFO - Filling up the DagBag from /opt/airflow/dags/dummy_dag.py
[2024-09-03T17:59:39.448+0000] {processor.py:925} INFO - DAG(s) 'dummy_dag' retrieved from /opt/airflow/dags/dummy_dag.py
[2024-09-03T17:59:39.636+0000] {logging_mixin.py:190} INFO - [2024-09-03T17:59:39.636+0000] {dag.py:3211} INFO - Sync 1 DAGs
[2024-09-03T17:59:39.667+0000] {logging_mixin.py:190} INFO - [2024-09-03T17:59:39.667+0000] {dag.py:4138} INFO - Setting next_dagrun for dummy_dag to 2016-01-01 00:00:00+00:00, run_after=2016-01-02 00:00:00+00:00
[2024-09-03T17:59:39.722+0000] {processor.py:208} INFO - Processing /opt/airflow/dags/dummy_dag.py took 0.324 seconds
[2024-09-03T18:00:10.431+0000] {processor.py:186} INFO - Started process (PID=690) to work on /opt/airflow/dags/dummy_dag.py
[2024-09-03T18:00:10.432+0000] {processor.py:914} INFO - Processing file /opt/airflow/dags/dummy_dag.py for tasks to queue
[2024-09-03T18:00:10.434+0000] {logging_mixin.py:190} INFO - [2024-09-03T18:00:10.434+0000] {dagbag.py:587} INFO - Filling up the DagBag from /opt/airflow/dags/dummy_dag.py
[2024-09-03T18:00:10.459+0000] {processor.py:925} INFO - DAG(s) 'dummy_dag' retrieved from /opt/airflow/dags/dummy_dag.py
[2024-09-03T18:00:10.513+0000] {logging_mixin.py:190} INFO - [2024-09-03T18:00:10.513+0000] {dag.py:3211} INFO - Sync 1 DAGs
[2024-09-03T18:00:10.565+0000] {logging_mixin.py:190} INFO - [2024-09-03T18:00:10.565+0000] {dag.py:4138} INFO - Setting next_dagrun for dummy_dag to 2016-01-01 00:00:00+00:00, run_after=2016-01-02 00:00:00+00:00
[2024-09-03T18:00:10.634+0000] {processor.py:208} INFO - Processing /opt/airflow/dags/dummy_dag.py took 0.213 seconds
[2024-09-03T18:00:41.002+0000] {processor.py:186} INFO - Started process (PID=706) to work on /opt/airflow/dags/dummy_dag.py
[2024-09-03T18:00:41.003+0000] {processor.py:914} INFO - Processing file /opt/airflow/dags/dummy_dag.py for tasks to queue
[2024-09-03T18:00:41.007+0000] {logging_mixin.py:190} INFO - [2024-09-03T18:00:41.007+0000] {dagbag.py:587} INFO - Filling up the DagBag from /opt/airflow/dags/dummy_dag.py
[2024-09-03T18:00:41.028+0000] {processor.py:925} INFO - DAG(s) 'dummy_dag' retrieved from /opt/airflow/dags/dummy_dag.py
[2024-09-03T18:00:41.073+0000] {logging_mixin.py:190} INFO - [2024-09-03T18:00:41.073+0000] {dag.py:3211} INFO - Sync 1 DAGs
[2024-09-03T18:00:41.113+0000] {logging_mixin.py:190} INFO - [2024-09-03T18:00:41.113+0000] {dag.py:4138} INFO - Setting next_dagrun for dummy_dag to 2016-01-01 00:00:00+00:00, run_after=2016-01-02 00:00:00+00:00
[2024-09-03T18:00:41.172+0000] {processor.py:208} INFO - Processing /opt/airflow/dags/dummy_dag.py took 0.179 seconds
[2024-09-03T18:01:11.488+0000] {processor.py:186} INFO - Started process (PID=722) to work on /opt/airflow/dags/dummy_dag.py
[2024-09-03T18:01:11.489+0000] {processor.py:914} INFO - Processing file /opt/airflow/dags/dummy_dag.py for tasks to queue
[2024-09-03T18:01:11.492+0000] {logging_mixin.py:190} INFO - [2024-09-03T18:01:11.492+0000] {dagbag.py:587} INFO - Filling up the DagBag from /opt/airflow/dags/dummy_dag.py
[2024-09-03T18:01:11.518+0000] {processor.py:925} INFO - DAG(s) 'dummy_dag' retrieved from /opt/airflow/dags/dummy_dag.py
[2024-09-03T18:01:11.567+0000] {logging_mixin.py:190} INFO - [2024-09-03T18:01:11.567+0000] {dag.py:3211} INFO - Sync 1 DAGs
[2024-09-03T18:01:11.608+0000] {logging_mixin.py:190} INFO - [2024-09-03T18:01:11.607+0000] {dag.py:4138} INFO - Setting next_dagrun for dummy_dag to 2016-01-01 00:00:00+00:00, run_after=2016-01-02 00:00:00+00:00
[2024-09-03T18:01:11.678+0000] {processor.py:208} INFO - Processing /opt/airflow/dags/dummy_dag.py took 0.198 seconds
[2024-09-03T18:01:41.759+0000] {processor.py:186} INFO - Started process (PID=738) to work on /opt/airflow/dags/dummy_dag.py
[2024-09-03T18:01:41.761+0000] {processor.py:914} INFO - Processing file /opt/airflow/dags/dummy_dag.py for tasks to queue
[2024-09-03T18:01:41.765+0000] {logging_mixin.py:190} INFO - [2024-09-03T18:01:41.765+0000] {dagbag.py:587} INFO - Filling up the DagBag from /opt/airflow/dags/dummy_dag.py
[2024-09-03T18:01:41.783+0000] {processor.py:925} INFO - DAG(s) 'dummy_dag' retrieved from /opt/airflow/dags/dummy_dag.py
[2024-09-03T18:01:41.824+0000] {logging_mixin.py:190} INFO - [2024-09-03T18:01:41.824+0000] {dag.py:3211} INFO - Sync 1 DAGs
[2024-09-03T18:01:41.870+0000] {logging_mixin.py:190} INFO - [2024-09-03T18:01:41.870+0000] {dag.py:4138} INFO - Setting next_dagrun for dummy_dag to 2016-01-01 00:00:00+00:00, run_after=2016-01-02 00:00:00+00:00
[2024-09-03T18:01:41.928+0000] {processor.py:208} INFO - Processing /opt/airflow/dags/dummy_dag.py took 0.177 seconds
[2024-09-03T18:02:12.469+0000] {processor.py:186} INFO - Started process (PID=754) to work on /opt/airflow/dags/dummy_dag.py
[2024-09-03T18:02:12.470+0000] {processor.py:914} INFO - Processing file /opt/airflow/dags/dummy_dag.py for tasks to queue
[2024-09-03T18:02:12.473+0000] {logging_mixin.py:190} INFO - [2024-09-03T18:02:12.472+0000] {dagbag.py:587} INFO - Filling up the DagBag from /opt/airflow/dags/dummy_dag.py
[2024-09-03T18:02:12.492+0000] {processor.py:925} INFO - DAG(s) 'dummy_dag' retrieved from /opt/airflow/dags/dummy_dag.py
[2024-09-03T18:02:12.535+0000] {logging_mixin.py:190} INFO - [2024-09-03T18:02:12.535+0000] {dag.py:3211} INFO - Sync 1 DAGs
[2024-09-03T18:02:12.570+0000] {logging_mixin.py:190} INFO - [2024-09-03T18:02:12.570+0000] {dag.py:4138} INFO - Setting next_dagrun for dummy_dag to 2016-01-01 00:00:00+00:00, run_after=2016-01-02 00:00:00+00:00
[2024-09-03T18:02:12.627+0000] {processor.py:208} INFO - Processing /opt/airflow/dags/dummy_dag.py took 0.167 seconds
[2024-09-03T18:02:42.944+0000] {processor.py:186} INFO - Started process (PID=770) to work on /opt/airflow/dags/dummy_dag.py
[2024-09-03T18:02:42.946+0000] {processor.py:914} INFO - Processing file /opt/airflow/dags/dummy_dag.py for tasks to queue
[2024-09-03T18:02:42.950+0000] {logging_mixin.py:190} INFO - [2024-09-03T18:02:42.950+0000] {dagbag.py:587} INFO - Filling up the DagBag from /opt/airflow/dags/dummy_dag.py
[2024-09-03T18:02:42.972+0000] {processor.py:925} INFO - DAG(s) 'dummy_dag' retrieved from /opt/airflow/dags/dummy_dag.py
[2024-09-03T18:02:43.026+0000] {logging_mixin.py:190} INFO - [2024-09-03T18:02:43.026+0000] {dag.py:3211} INFO - Sync 1 DAGs
[2024-09-03T18:02:43.068+0000] {logging_mixin.py:190} INFO - [2024-09-03T18:02:43.067+0000] {dag.py:4138} INFO - Setting next_dagrun for dummy_dag to 2016-01-01 00:00:00+00:00, run_after=2016-01-02 00:00:00+00:00
[2024-09-03T18:02:43.142+0000] {processor.py:208} INFO - Processing /opt/airflow/dags/dummy_dag.py took 0.208 seconds
[2024-09-03T18:03:13.389+0000] {processor.py:186} INFO - Started process (PID=786) to work on /opt/airflow/dags/dummy_dag.py
[2024-09-03T18:03:13.390+0000] {processor.py:914} INFO - Processing file /opt/airflow/dags/dummy_dag.py for tasks to queue
[2024-09-03T18:03:13.393+0000] {logging_mixin.py:190} INFO - [2024-09-03T18:03:13.393+0000] {dagbag.py:587} INFO - Filling up the DagBag from /opt/airflow/dags/dummy_dag.py
[2024-09-03T18:03:13.411+0000] {processor.py:925} INFO - DAG(s) 'dummy_dag' retrieved from /opt/airflow/dags/dummy_dag.py
[2024-09-03T18:03:13.457+0000] {logging_mixin.py:190} INFO - [2024-09-03T18:03:13.457+0000] {dag.py:3211} INFO - Sync 1 DAGs
[2024-09-03T18:03:13.501+0000] {logging_mixin.py:190} INFO - [2024-09-03T18:03:13.501+0000] {dag.py:4138} INFO - Setting next_dagrun for dummy_dag to 2016-01-01 00:00:00+00:00, run_after=2016-01-02 00:00:00+00:00
[2024-09-03T18:03:13.590+0000] {processor.py:208} INFO - Processing /opt/airflow/dags/dummy_dag.py took 0.209 seconds
[2024-09-03T18:03:43.855+0000] {processor.py:186} INFO - Started process (PID=802) to work on /opt/airflow/dags/dummy_dag.py
[2024-09-03T18:03:43.860+0000] {processor.py:914} INFO - Processing file /opt/airflow/dags/dummy_dag.py for tasks to queue
[2024-09-03T18:03:43.864+0000] {logging_mixin.py:190} INFO - [2024-09-03T18:03:43.863+0000] {dagbag.py:587} INFO - Filling up the DagBag from /opt/airflow/dags/dummy_dag.py
[2024-09-03T18:03:43.884+0000] {processor.py:925} INFO - DAG(s) 'dummy_dag' retrieved from /opt/airflow/dags/dummy_dag.py
[2024-09-03T18:03:43.931+0000] {logging_mixin.py:190} INFO - [2024-09-03T18:03:43.930+0000] {dag.py:3211} INFO - Sync 1 DAGs
[2024-09-03T18:03:43.970+0000] {logging_mixin.py:190} INFO - [2024-09-03T18:03:43.970+0000] {dag.py:4138} INFO - Setting next_dagrun for dummy_dag to 2016-01-01 00:00:00+00:00, run_after=2016-01-02 00:00:00+00:00
[2024-09-03T18:03:44.037+0000] {processor.py:208} INFO - Processing /opt/airflow/dags/dummy_dag.py took 0.191 seconds
[2024-09-03T18:04:14.380+0000] {processor.py:186} INFO - Started process (PID=818) to work on /opt/airflow/dags/dummy_dag.py
[2024-09-03T18:04:14.381+0000] {processor.py:914} INFO - Processing file /opt/airflow/dags/dummy_dag.py for tasks to queue
[2024-09-03T18:04:14.384+0000] {logging_mixin.py:190} INFO - [2024-09-03T18:04:14.383+0000] {dagbag.py:587} INFO - Filling up the DagBag from /opt/airflow/dags/dummy_dag.py
[2024-09-03T18:04:14.401+0000] {processor.py:925} INFO - DAG(s) 'dummy_dag' retrieved from /opt/airflow/dags/dummy_dag.py
[2024-09-03T18:04:14.449+0000] {logging_mixin.py:190} INFO - [2024-09-03T18:04:14.449+0000] {dag.py:3211} INFO - Sync 1 DAGs
[2024-09-03T18:04:14.482+0000] {logging_mixin.py:190} INFO - [2024-09-03T18:04:14.482+0000] {dag.py:4138} INFO - Setting next_dagrun for dummy_dag to 2016-01-01 00:00:00+00:00, run_after=2016-01-02 00:00:00+00:00
[2024-09-03T18:04:14.579+0000] {processor.py:208} INFO - Processing /opt/airflow/dags/dummy_dag.py took 0.206 seconds
[2024-09-03T18:04:44.884+0000] {processor.py:186} INFO - Started process (PID=834) to work on /opt/airflow/dags/dummy_dag.py
[2024-09-03T18:04:44.885+0000] {processor.py:914} INFO - Processing file /opt/airflow/dags/dummy_dag.py for tasks to queue
[2024-09-03T18:04:44.888+0000] {logging_mixin.py:190} INFO - [2024-09-03T18:04:44.888+0000] {dagbag.py:587} INFO - Filling up the DagBag from /opt/airflow/dags/dummy_dag.py
[2024-09-03T18:04:44.904+0000] {processor.py:925} INFO - DAG(s) 'dummy_dag' retrieved from /opt/airflow/dags/dummy_dag.py
[2024-09-03T18:04:44.957+0000] {logging_mixin.py:190} INFO - [2024-09-03T18:04:44.957+0000] {dag.py:3211} INFO - Sync 1 DAGs
[2024-09-03T18:04:45.005+0000] {logging_mixin.py:190} INFO - [2024-09-03T18:04:45.005+0000] {dag.py:4138} INFO - Setting next_dagrun for dummy_dag to 2016-01-01 00:00:00+00:00, run_after=2016-01-02 00:00:00+00:00
[2024-09-03T18:04:45.058+0000] {processor.py:208} INFO - Processing /opt/airflow/dags/dummy_dag.py took 0.182 seconds
[2024-09-03T18:05:15.359+0000] {processor.py:186} INFO - Started process (PID=850) to work on /opt/airflow/dags/dummy_dag.py
[2024-09-03T18:05:15.360+0000] {processor.py:914} INFO - Processing file /opt/airflow/dags/dummy_dag.py for tasks to queue
[2024-09-03T18:05:15.364+0000] {logging_mixin.py:190} INFO - [2024-09-03T18:05:15.363+0000] {dagbag.py:587} INFO - Filling up the DagBag from /opt/airflow/dags/dummy_dag.py
[2024-09-03T18:05:15.384+0000] {processor.py:925} INFO - DAG(s) 'dummy_dag' retrieved from /opt/airflow/dags/dummy_dag.py
[2024-09-03T18:05:15.449+0000] {logging_mixin.py:190} INFO - [2024-09-03T18:05:15.448+0000] {dag.py:3211} INFO - Sync 1 DAGs
[2024-09-03T18:05:15.487+0000] {logging_mixin.py:190} INFO - [2024-09-03T18:05:15.487+0000] {dag.py:4138} INFO - Setting next_dagrun for dummy_dag to 2016-01-01 00:00:00+00:00, run_after=2016-01-02 00:00:00+00:00
[2024-09-03T18:05:15.542+0000] {processor.py:208} INFO - Processing /opt/airflow/dags/dummy_dag.py took 0.190 seconds
[2024-09-03T18:05:45.800+0000] {processor.py:186} INFO - Started process (PID=866) to work on /opt/airflow/dags/dummy_dag.py
[2024-09-03T18:05:45.801+0000] {processor.py:914} INFO - Processing file /opt/airflow/dags/dummy_dag.py for tasks to queue
[2024-09-03T18:05:45.804+0000] {logging_mixin.py:190} INFO - [2024-09-03T18:05:45.804+0000] {dagbag.py:587} INFO - Filling up the DagBag from /opt/airflow/dags/dummy_dag.py
[2024-09-03T18:05:45.826+0000] {processor.py:925} INFO - DAG(s) 'dummy_dag' retrieved from /opt/airflow/dags/dummy_dag.py
[2024-09-03T18:05:45.865+0000] {logging_mixin.py:190} INFO - [2024-09-03T18:05:45.865+0000] {dag.py:3211} INFO - Sync 1 DAGs
[2024-09-03T18:05:45.899+0000] {logging_mixin.py:190} INFO - [2024-09-03T18:05:45.898+0000] {dag.py:4138} INFO - Setting next_dagrun for dummy_dag to 2016-01-01 00:00:00+00:00, run_after=2016-01-02 00:00:00+00:00
[2024-09-03T18:05:45.954+0000] {processor.py:208} INFO - Processing /opt/airflow/dags/dummy_dag.py took 0.161 seconds
[2024-09-03T18:06:16.291+0000] {processor.py:186} INFO - Started process (PID=882) to work on /opt/airflow/dags/dummy_dag.py
[2024-09-03T18:06:16.292+0000] {processor.py:914} INFO - Processing file /opt/airflow/dags/dummy_dag.py for tasks to queue
[2024-09-03T18:06:16.295+0000] {logging_mixin.py:190} INFO - [2024-09-03T18:06:16.295+0000] {dagbag.py:587} INFO - Filling up the DagBag from /opt/airflow/dags/dummy_dag.py
[2024-09-03T18:06:16.313+0000] {processor.py:925} INFO - DAG(s) 'dummy_dag' retrieved from /opt/airflow/dags/dummy_dag.py
[2024-09-03T18:06:16.357+0000] {logging_mixin.py:190} INFO - [2024-09-03T18:06:16.357+0000] {dag.py:3211} INFO - Sync 1 DAGs
[2024-09-03T18:06:16.393+0000] {logging_mixin.py:190} INFO - [2024-09-03T18:06:16.393+0000] {dag.py:4138} INFO - Setting next_dagrun for dummy_dag to 2016-01-01 00:00:00+00:00, run_after=2016-01-02 00:00:00+00:00
[2024-09-03T18:06:16.446+0000] {processor.py:208} INFO - Processing /opt/airflow/dags/dummy_dag.py took 0.163 seconds
